# JRE version: Java(TM) SE Runtime Environment (8.0_151-b12) (build 1.8.0_151-b12)
# Java VM: Java HotSpot(TM) 64-Bit Server VM (25.151-b12 mixed mode windows-amd64 compressed oops)
Heap:
 PSYoungGen      total 165888K, used 55203K [0x000000076b500000, 0x0000000776f00000, 0x00000007c0000000)
  eden space 152576K, 27% used [0x000000076b500000,0x000000076deae230,0x0000000774a00000)
  from space 13312K, 94% used [0x0000000776200000,0x0000000776e3aa18,0x0000000776f00000)
  to   space 15872K, 0% used [0x0000000775000000,0x0000000775000000,0x0000000775f80000)
 ParOldGen       total 174080K, used 25413K [0x00000006c1e00000, 0x00000006cc800000, 0x000000076b500000)
  object space 174080K, 14% used [0x00000006c1e00000,0x00000006c36d1790,0x00000006cc800000)
 Metaspace       used 79570K, capacity 80332K, committed 80600K, reserved 1118208K
  class space    used 10741K, capacity 10899K, committed 10968K, reserved 1048576K
GC Heap History (10 events):
Event: 10.528 GC heap before
{Heap before GC invocations=11 (full 2):
 PSYoungGen      total 142336K, used 108869K [0x000000076b500000, 0x0000000774f80000, 0x00000007c0000000)
  eden space 132096K, 75% used [0x000000076b500000,0x00000007715c6418,0x0000000773600000)
  from space 10240K, 95% used [0x0000000774100000,0x0000000774a8b258,0x0000000774b00000)
  to   space 11264K, 0% used [0x0000000773600000,0x0000000773600000,0x0000000774100000)
 ParOldGen       total 174080K, used 9781K [0x00000006c1e00000, 0x00000006cc800000, 0x000000076b500000)
  object space 174080K, 5% used [0x00000006c1e00000,0x00000006c278d7b0,0x00000006cc800000)
 Metaspace       used 58411K, capacity 58866K, committed 58968K, reserved 1099776K
  class space    used 7589K, capacity 7728K, committed 7768K, reserved 1048576K
Event: 10.539 GC heap after
Heap after GC invocations=11 (full 2):
 PSYoungGen      total 143360K, used 11232K [0x000000076b500000, 0x0000000776f00000, 0x00000007c0000000)
  eden space 132096K, 0% used [0x000000076b500000,0x000000076b500000,0x0000000773600000)
  from space 11264K, 99% used [0x0000000773600000,0x00000007740f81b0,0x0000000774100000)
  to   space 13312K, 0% used [0x0000000776200000,0x0000000776200000,0x0000000776f00000)
 ParOldGen       total 174080K, used 11801K [0x00000006c1e00000, 0x00000006cc800000, 0x000000076b500000)
  object space 174080K, 6% used [0x00000006c1e00000,0x00000006c29867e0,0x00000006cc800000)
 Metaspace       used 58411K, capacity 58866K, committed 58968K, reserved 1099776K
  class space    used 7589K, capacity 7728K, committed 7768K, reserved 1048576K
}
Event: 10.539 GC heap before
{Heap before GC invocations=12 (full 3):
 PSYoungGen      total 143360K, used 11232K [0x000000076b500000, 0x0000000776f00000, 0x00000007c0000000)
  eden space 132096K, 0% used [0x000000076b500000,0x000000076b500000,0x0000000773600000)
  from space 11264K, 99% used [0x0000000773600000,0x00000007740f81b0,0x0000000774100000)
  to   space 13312K, 0% used [0x0000000776200000,0x0000000776200000,0x0000000776f00000)
 ParOldGen       total 174080K, used 11801K [0x00000006c1e00000, 0x00000006cc800000, 0x000000076b500000)
  object space 174080K, 6% used [0x00000006c1e00000,0x00000006c29867e0,0x00000006cc800000)
 Metaspace       used 58411K, capacity 58866K, committed 58968K, reserved 1099776K
  class space    used 7589K, capacity 7728K, committed 7768K, reserved 1048576K
Event: 10.699 GC heap after
Heap after GC invocations=12 (full 3):
 PSYoungGen      total 143360K, used 0K [0x000000076b500000, 0x0000000776f00000, 0x00000007c0000000)
  eden space 132096K, 0% used [0x000000076b500000,0x000000076b500000,0x0000000773600000)
  from space 11264K, 0% used [0x0000000773600000,0x0000000773600000,0x0000000774100000)
  to   space 13312K, 0% used [0x0000000776200000,0x0000000776200000,0x0000000776f00000)
 ParOldGen       total 174080K, used 19911K [0x00000006c1e00000, 0x00000006cc800000, 0x000000076b500000)
  object space 174080K, 11% used [0x00000006c1e00000,0x00000006c3171dc8,0x00000006cc800000)
 Metaspace       used 58403K, capacity 58854K, committed 58968K, reserved 1099776K
  class space    used 7588K, capacity 7726K, committed 7768K, reserved 1048576K
}
Event: 12.920 GC heap before
{Heap before GC invocations=13 (full 3):
 PSYoungGen      total 143360K, used 132096K [0x000000076b500000, 0x0000000776f00000, 0x00000007c0000000)
  eden space 132096K, 100% used [0x000000076b500000,0x0000000773600000,0x0000000773600000)
  from space 11264K, 0% used [0x0000000773600000,0x0000000773600000,0x0000000774100000)
  to   space 13312K, 0% used [0x0000000776200000,0x0000000776200000,0x0000000776f00000)
 ParOldGen       total 174080K, used 19911K [0x00000006c1e00000, 0x00000006cc800000, 0x000000076b500000)
  object space 174080K, 11% used [0x00000006c1e00000,0x00000006c3171dc8,0x00000006cc800000)
 Metaspace       used 67595K, capacity 68062K, committed 68312K, reserved 1107968K
  class space    used 8980K, capacity 9106K, committed 9176K, reserved 1048576K
Event: 12.934 GC heap after
Heap after GC invocations=13 (full 3):
 PSYoungGen      total 165888K, used 13308K [0x000000076b500000, 0x0000000776f00000, 0x00000007c0000000)
  eden space 152576K, 0% used [0x000000076b500000,0x000000076b500000,0x0000000774a00000)
  from space 13312K, 99% used [0x0000000776200000,0x0000000776eff000,0x0000000776f00000)
  to   space 15872K, 0% used [0x0000000775000000,0x0000000775000000,0x0000000775f80000)
 ParOldGen       total 174080K, used 22613K [0x00000006c1e00000, 0x00000006cc800000, 0x000000076b500000)
  object space 174080K, 12% used [0x00000006c1e00000,0x00000006c3415710,0x00000006cc800000)
 Metaspace       used 67595K, capacity 68062K, committed 68312K, reserved 1107968K
  class space    used 8980K, capacity 9106K, committed 9176K, reserved 1048576K
}
Event: 14.839 GC heap before
{Heap before GC invocations=14 (full 3):
 PSYoungGen      total 165888K, used 165884K [0x000000076b500000, 0x0000000776f00000, 0x00000007c0000000)
  eden space 152576K, 100% used [0x000000076b500000,0x0000000774a00000,0x0000000774a00000)
  from space 13312K, 99% used [0x0000000776200000,0x0000000776eff000,0x0000000776f00000)
  to   space 15872K, 0% used [0x0000000775000000,0x0000000775000000,0x0000000775f80000)
 ParOldGen       total 174080K, used 22613K [0x00000006c1e00000, 0x00000006cc800000, 0x000000076b500000)
  object space 174080K, 12% used [0x00000006c1e00000,0x00000006c3415710,0x00000006cc800000)
 Metaspace       used 77579K, capacity 78214K, committed 78424K, reserved 1116160K
  class space    used 10555K, capacity 10719K, committed 10840K, reserved 1048576K
Event: 14.856 GC heap after
Heap after GC invocations=14 (full 3):
 PSYoungGen      total 168448K, used 15840K [0x000000076b500000, 0x0000000776f00000, 0x00000007c0000000)
  eden space 152576K, 0% used [0x000000076b500000,0x000000076b500000,0x0000000774a00000)
  from space 15872K, 99% used [0x0000000775000000,0x0000000775f780b8,0x0000000775f80000)
  to   space 13312K, 0% used [0x0000000776200000,0x0000000776200000,0x0000000776f00000)
 ParOldGen       total 174080K, used 25405K [0x00000006c1e00000, 0x00000006cc800000, 0x000000076b500000)
  object space 174080K, 14% used [0x00000006c1e00000,0x00000006c36cf790,0x00000006cc800000)
 Metaspace       used 77579K, capacity 78214K, committed 78424K, reserved 1116160K
  class space    used 10555K, capacity 10719K, committed 10840K, reserved 1048576K
}
Event: 15.820 GC heap before
{Heap before GC invocations=15 (full 3):
 PSYoungGen      total 168448K, used 168416K [0x000000076b500000, 0x0000000776f00000, 0x00000007c0000000)
  eden space 152576K, 100% used [0x000000076b500000,0x0000000774a00000,0x0000000774a00000)
  from space 15872K, 99% used [0x0000000775000000,0x0000000775f780b8,0x0000000775f80000)
  to   space 13312K, 0% used [0x0000000776200000,0x0000000776200000,0x0000000776f00000)
 ParOldGen       total 174080K, used 25405K [0x00000006c1e00000, 0x00000006cc800000, 0x000000076b500000)
  object space 174080K, 14% used [0x00000006c1e00000,0x00000006c36cf790,0x00000006cc800000)
 Metaspace       used 79462K, capacity 80252K, committed 80344K, reserved 1118208K
  class space    used 10740K, capacity 10897K, committed 10968K, reserved 1048576K
Event: 15.834 GC heap after
Heap after GC invocations=15 (full 3):
 PSYoungGen      total 165888K, used 12522K [0x000000076b500000, 0x0000000776f00000, 0x00000007c0000000)
  eden space 152576K, 0% used [0x000000076b500000,0x000000076b500000,0x0000000774a00000)
  from space 13312K, 94% used [0x0000000776200000,0x0000000776e3aa18,0x0000000776f00000)
  to   space 15872K, 0% used [0x0000000775000000,0x0000000775000000,0x0000000775f80000)
 ParOldGen       total 174080K, used 25413K [0x00000006c1e00000, 0x00000006cc800000, 0x000000076b500000)
  object space 174080K, 14% used [0x00000006c1e00000,0x00000006c36d1790,0x00000006cc800000)
 Metaspace       used 79462K, capacity 80252K, committed 80344K, reserved 1118208K
  class space    used 10740K, capacity 10897K, committed 10968K, reserved 1048576K
}

